2019-05-07 10:56:37,804 [Worker-4: Loading available Gradle versions] INFO  o.e.b.c.i.u.g.PublishedGradleVersions - Gradle version information cache is up-to-date. Trying to read.
2019-05-07 10:57:32,670 [Worker-8: Importing Maven projects] INFO  o.e.m.c.i.l.LifecycleMappingFactory - Using org.maven.ide.eclipse.wtp.WarLifecycleMapping lifecycle mapping for MavenProject: org.koushik.javabrains:messenger1:0.0.1-SNAPSHOT @ C:\Users\Suresh Yadav\Favorites\Downloads\messenger-c9d73a2a063ecf5bf2d59008b99c723e1dcb09c9\messenger-c9d73a2a063ecf5bf2d59008b99c723e1dcb09c9\pom.xml.
2019-05-07 10:57:38,254 [Worker-8: Importing Maven projects] INFO  o.e.m.j.i.AbstractJavaProjectConfigurator - Adding source folder /messenger1/src/main/java
2019-05-07 10:57:38,254 [Worker-8: Importing Maven projects] INFO  o.e.m.j.i.AbstractJavaProjectConfigurator - Adding source folder /messenger1/src/test/java
2019-05-07 10:57:40,422 [Worker-8: Importing Maven projects] INFO  o.e.m.c.i.p.ProjectConfigurationManager - Imported and configured 1 project(s) in 14 sec
2019-05-07 10:57:42,260 [Worker-5: Building workspace] INFO  o.e.m.c.i.embedder.EclipseLogger - Using 'UTF-8' encoding to copy filtered resources.
2019-05-07 10:57:42,260 [Worker-5: Building workspace] INFO  o.e.m.c.i.embedder.EclipseLogger - skip non existing resourceDirectory C:\Users\Suresh Yadav\Favorites\Downloads\messenger-c9d73a2a063ecf5bf2d59008b99c723e1dcb09c9\messenger-c9d73a2a063ecf5bf2d59008b99c723e1dcb09c9\src\main\resources
2019-05-07 10:57:42,260 [Worker-5: Building workspace] INFO  o.e.m.c.i.embedder.EclipseLogger - Using 'UTF-8' encoding to copy filtered resources.
2019-05-07 10:57:42,260 [Worker-5: Building workspace] INFO  o.e.m.c.i.embedder.EclipseLogger - skip non existing resourceDirectory C:\Users\Suresh Yadav\Favorites\Downloads\messenger-c9d73a2a063ecf5bf2d59008b99c723e1dcb09c9\messenger-c9d73a2a063ecf5bf2d59008b99c723e1dcb09c9\src\test\resources
2019-05-07 10:59:09,407 [Worker-5: Building workspace] INFO  o.e.m.c.i.embedder.EclipseLogger - Using 'UTF-8' encoding to copy filtered resources.
2019-05-07 10:59:09,407 [Worker-5: Building workspace] INFO  o.e.m.c.i.embedder.EclipseLogger - skip non existing resourceDirectory C:\Users\Suresh Yadav\Favorites\Downloads\messenger-c9d73a2a063ecf5bf2d59008b99c723e1dcb09c9\messenger-c9d73a2a063ecf5bf2d59008b99c723e1dcb09c9\src\main\resources
2019-05-07 10:59:09,407 [Worker-5: Building workspace] INFO  o.e.m.c.i.embedder.EclipseLogger - Using 'UTF-8' encoding to copy filtered resources.
2019-05-07 10:59:09,407 [Worker-5: Building workspace] INFO  o.e.m.c.i.embedder.EclipseLogger - skip non existing resourceDirectory C:\Users\Suresh Yadav\Favorites\Downloads\messenger-c9d73a2a063ecf5bf2d59008b99c723e1dcb09c9\messenger-c9d73a2a063ecf5bf2d59008b99c723e1dcb09c9\src\test\resources
2019-05-07 10:59:17,158 [Worker-1: Rebuilding] INFO  o.e.m.c.i.embedder.EclipseLogger - Using 'UTF-8' encoding to copy filtered resources.
2019-05-07 10:59:17,158 [Worker-1: Rebuilding] INFO  o.e.m.c.i.embedder.EclipseLogger - skip non existing resourceDirectory C:\Users\Suresh Yadav\Favorites\Downloads\messenger-c9d73a2a063ecf5bf2d59008b99c723e1dcb09c9\messenger-c9d73a2a063ecf5bf2d59008b99c723e1dcb09c9\src\main\resources
2019-05-07 10:59:17,158 [Worker-1: Rebuilding] INFO  o.e.m.c.i.embedder.EclipseLogger - Using 'UTF-8' encoding to copy filtered resources.
2019-05-07 10:59:17,158 [Worker-1: Rebuilding] INFO  o.e.m.c.i.embedder.EclipseLogger - skip non existing resourceDirectory C:\Users\Suresh Yadav\Favorites\Downloads\messenger-c9d73a2a063ecf5bf2d59008b99c723e1dcb09c9\messenger-c9d73a2a063ecf5bf2d59008b99c723e1dcb09c9\src\test\resources
2019-05-07 10:59:46,505 [Worker-3: Building Project messenger1] INFO  o.e.m.c.i.embedder.EclipseLogger - Using 'UTF-8' encoding to copy filtered resources.
2019-05-07 10:59:46,505 [Worker-3: Building Project messenger1] INFO  o.e.m.c.i.embedder.EclipseLogger - skip non existing resourceDirectory C:\Users\Suresh Yadav\Favorites\Downloads\messenger-c9d73a2a063ecf5bf2d59008b99c723e1dcb09c9\messenger-c9d73a2a063ecf5bf2d59008b99c723e1dcb09c9\src\main\resources
2019-05-07 10:59:46,505 [Worker-3: Building Project messenger1] INFO  o.e.m.c.i.embedder.EclipseLogger - Using 'UTF-8' encoding to copy filtered resources.
2019-05-07 10:59:46,505 [Worker-3: Building Project messenger1] INFO  o.e.m.c.i.embedder.EclipseLogger - skip non existing resourceDirectory C:\Users\Suresh Yadav\Favorites\Downloads\messenger-c9d73a2a063ecf5bf2d59008b99c723e1dcb09c9\messenger-c9d73a2a063ecf5bf2d59008b99c723e1dcb09c9\src\test\resources
2019-05-07 11:00:08,449 [Worker-13: Building workspace] INFO  o.e.m.c.i.embedder.EclipseLogger - Using 'UTF-8' encoding to copy filtered resources.
2019-05-07 11:00:08,449 [Worker-13: Building workspace] INFO  o.e.m.c.i.embedder.EclipseLogger - skip non existing resourceDirectory C:\Users\Suresh Yadav\Favorites\Downloads\messenger-c9d73a2a063ecf5bf2d59008b99c723e1dcb09c9\messenger-c9d73a2a063ecf5bf2d59008b99c723e1dcb09c9\src\main\resources
2019-05-07 11:00:08,449 [Worker-13: Building workspace] INFO  o.e.m.c.i.embedder.EclipseLogger - Using 'UTF-8' encoding to copy filtered resources.
2019-05-07 11:00:08,449 [Worker-13: Building workspace] INFO  o.e.m.c.i.embedder.EclipseLogger - skip non existing resourceDirectory C:\Users\Suresh Yadav\Favorites\Downloads\messenger-c9d73a2a063ecf5bf2d59008b99c723e1dcb09c9\messenger-c9d73a2a063ecf5bf2d59008b99c723e1dcb09c9\src\test\resources
2019-05-07 11:03:27,260 [Worker-4: Building workspace] INFO  o.e.m.c.i.embedder.EclipseLogger - Using 'UTF-8' encoding to copy filtered resources.
2019-05-07 11:03:27,260 [Worker-4: Building workspace] INFO  o.e.m.c.i.embedder.EclipseLogger - skip non existing resourceDirectory C:\Users\Suresh Yadav\Favorites\Downloads\messenger-c9d73a2a063ecf5bf2d59008b99c723e1dcb09c9\messenger-c9d73a2a063ecf5bf2d59008b99c723e1dcb09c9\src\main\resources
2019-05-07 11:03:27,260 [Worker-4: Building workspace] INFO  o.e.m.c.i.embedder.EclipseLogger - Using 'UTF-8' encoding to copy filtered resources.
2019-05-07 11:03:27,260 [Worker-4: Building workspace] INFO  o.e.m.c.i.embedder.EclipseLogger - skip non existing resourceDirectory C:\Users\Suresh Yadav\Favorites\Downloads\messenger-c9d73a2a063ecf5bf2d59008b99c723e1dcb09c9\messenger-c9d73a2a063ecf5bf2d59008b99c723e1dcb09c9\src\test\resources
2019-05-07 11:03:40,533 [Worker-13: Building workspace] INFO  o.e.m.c.i.embedder.EclipseLogger - Using 'UTF-8' encoding to copy filtered resources.
2019-05-07 11:03:40,533 [Worker-13: Building workspace] INFO  o.e.m.c.i.embedder.EclipseLogger - skip non existing resourceDirectory C:\Users\Suresh Yadav\Favorites\Downloads\messenger-c9d73a2a063ecf5bf2d59008b99c723e1dcb09c9\messenger-c9d73a2a063ecf5bf2d59008b99c723e1dcb09c9\src\main\resources
2019-05-07 11:03:40,533 [Worker-13: Building workspace] INFO  o.e.m.c.i.embedder.EclipseLogger - Using 'UTF-8' encoding to copy filtered resources.
2019-05-07 11:03:40,533 [Worker-13: Building workspace] INFO  o.e.m.c.i.embedder.EclipseLogger - skip non existing resourceDirectory C:\Users\Suresh Yadav\Favorites\Downloads\messenger-c9d73a2a063ecf5bf2d59008b99c723e1dcb09c9\messenger-c9d73a2a063ecf5bf2d59008b99c723e1dcb09c9\src\test\resources
2019-05-08 09:25:13,167 [Worker-3: Loading available Gradle versions] INFO  o.e.b.c.i.u.g.PublishedGradleVersions - Gradle version information cache is up-to-date. Trying to read.
2019-05-08 09:25:16,932 [Worker-1: Building workspace] INFO  o.e.m.c.i.embedder.EclipseLogger - Using 'UTF-8' encoding to copy filtered resources.
2019-05-08 09:25:16,932 [Worker-1: Building workspace] INFO  o.e.m.c.i.embedder.EclipseLogger - skip non existing resourceDirectory C:\Users\Suresh Yadav\Favorites\Downloads\messenger-c9d73a2a063ecf5bf2d59008b99c723e1dcb09c9\messenger-c9d73a2a063ecf5bf2d59008b99c723e1dcb09c9\src\main\resources
2019-05-08 09:25:16,932 [Worker-1: Building workspace] INFO  o.e.m.c.i.embedder.EclipseLogger - Using 'UTF-8' encoding to copy filtered resources.
2019-05-08 09:25:16,932 [Worker-1: Building workspace] INFO  o.e.m.c.i.embedder.EclipseLogger - skip non existing resourceDirectory C:\Users\Suresh Yadav\Favorites\Downloads\messenger-c9d73a2a063ecf5bf2d59008b99c723e1dcb09c9\messenger-c9d73a2a063ecf5bf2d59008b99c723e1dcb09c9\src\test\resources
2019-05-12 23:02:08,028 [Worker-261: Creating jersey-quickstart-webapp] INFO  o.e.m.c.i.p.ProjectConfigurationManager - Collecting project info '/pom.xml' D:\eclipse\Java-brains\ORG-Structure\pom.xml
2019-05-12 23:02:19,584 [Worker-261: Creating jersey-quickstart-webapp] INFO  o.e.m.c.i.l.LifecycleMappingFactory - Using org.maven.ide.eclipse.wtp.WarLifecycleMapping lifecycle mapping for MavenProject: com.emp.org.struct:ORG-Structure:0.0.1-SNAPSHOT @ D:\eclipse\Java-brains\ORG-Structure\pom.xml.
2019-05-12 23:02:23,017 [Worker-261: Creating jersey-quickstart-webapp] INFO  o.e.m.j.i.AbstractJavaProjectConfigurator - Adding source folder /ORG-Structure/src/main/java
2019-05-12 23:02:23,017 [Worker-261: Creating jersey-quickstart-webapp] INFO  o.e.m.j.i.AbstractJavaProjectConfigurator - Adding resource folder /ORG-Structure/src/main/resources
2019-05-12 23:02:23,033 [Worker-261: Creating jersey-quickstart-webapp] INFO  o.e.m.j.i.AbstractJavaProjectConfigurator - Adding source folder /ORG-Structure/src/test/java
2019-05-12 23:02:29,438 [Worker-261: Creating jersey-quickstart-webapp] INFO  o.e.m.c.i.p.ProjectConfigurationManager - Imported and configured 1 project(s) in 21 sec
2019-05-12 23:02:34,771 [Worker-261: Building workspace] INFO  o.e.m.c.i.embedder.EclipseLogger - Using 'UTF-8' encoding to copy filtered resources.
2019-05-12 23:02:34,871 [Worker-261: Building workspace] INFO  o.e.m.c.i.embedder.EclipseLogger - Copying 0 resource
2019-05-12 23:02:34,871 [Worker-261: Building workspace] INFO  o.e.m.c.i.embedder.EclipseLogger - Using 'UTF-8' encoding to copy filtered resources.
2019-05-12 23:02:34,871 [Worker-261: Building workspace] INFO  o.e.m.c.i.embedder.EclipseLogger - skip non existing resourceDirectory D:\eclipse\Java-brains\ORG-Structure\src\test\resources
2019-05-12 23:03:31,415 [Worker-265: Building workspace] INFO  o.e.m.c.i.l.LifecycleMappingFactory - Using org.maven.ide.eclipse.wtp.WarLifecycleMapping lifecycle mapping for MavenProject: com.emp.org.struct:ORG-Structure:0.0.1-SNAPSHOT @ D:\eclipse\Java-brains\ORG-Structure\pom.xml.
2019-05-12 23:03:32,301 [Worker-265: Building workspace] INFO  o.e.m.c.i.embedder.EclipseLogger - Using 'UTF-8' encoding to copy filtered resources.
2019-05-12 23:03:32,317 [Worker-265: Building workspace] INFO  o.e.m.c.i.embedder.EclipseLogger - Copying 0 resource
2019-05-12 23:03:32,317 [Worker-265: Building workspace] INFO  o.e.m.c.i.embedder.EclipseLogger - Using 'UTF-8' encoding to copy filtered resources.
2019-05-12 23:03:32,317 [Worker-265: Building workspace] INFO  o.e.m.c.i.embedder.EclipseLogger - skip non existing resourceDirectory D:\eclipse\Java-brains\ORG-Structure\src\test\resources
2019-05-12 23:03:32,364 [Worker-265: Building workspace] INFO  o.e.m.w.i.f.ResourceFilteringBuildParticipant - Changed resources require a complete clean of filtered resources of ORG-Structure
2019-05-12 23:03:32,364 [Worker-265: Building workspace] INFO  o.e.m.w.i.f.ResourceFilteringBuildParticipant - Executing resource filtering for ORG-Structure
2019-05-12 23:03:32,380 [Worker-265: Building workspace] INFO  o.e.m.c.i.embedder.EclipseLogger - Using 'UTF-8' encoding to copy filtered resources.
2019-05-12 23:03:33,688 [Worker-267: Building workspace] INFO  o.e.m.c.i.embedder.EclipseLogger - Using 'UTF-8' encoding to copy filtered resources.
2019-05-12 23:03:33,690 [Worker-267: Building workspace] INFO  o.e.m.c.i.embedder.EclipseLogger - Copying 0 resource
2019-05-12 23:03:33,691 [Worker-267: Building workspace] INFO  o.e.m.c.i.embedder.EclipseLogger - Using 'UTF-8' encoding to copy filtered resources.
2019-05-12 23:03:33,691 [Worker-267: Building workspace] INFO  o.e.m.c.i.embedder.EclipseLogger - skip non existing resourceDirectory D:\eclipse\Java-brains\ORG-Structure\src\test\resources
2019-05-12 23:06:57,418 [Worker-269: Building workspace] INFO  o.e.m.c.i.embedder.EclipseLogger - Using 'UTF-8' encoding to copy filtered resources.
2019-05-12 23:06:57,418 [Worker-269: Building workspace] INFO  o.e.m.c.i.embedder.EclipseLogger - Copying 0 resource
2019-05-12 23:06:57,418 [Worker-269: Building workspace] INFO  o.e.m.c.i.embedder.EclipseLogger - Using 'UTF-8' encoding to copy filtered resources.
2019-05-12 23:06:57,418 [Worker-269: Building workspace] INFO  o.e.m.c.i.embedder.EclipseLogger - skip non existing resourceDirectory D:\eclipse\Java-brains\ORG-Structure\src\test\resources
2019-05-12 23:08:41,158 [Worker-266: Building workspace] INFO  o.e.m.c.i.embedder.EclipseLogger - Using 'UTF-8' encoding to copy filtered resources.
2019-05-12 23:08:41,158 [Worker-266: Building workspace] INFO  o.e.m.c.i.embedder.EclipseLogger - Copying 0 resource
2019-05-12 23:08:41,168 [Worker-266: Building workspace] INFO  o.e.m.c.i.embedder.EclipseLogger - Using 'UTF-8' encoding to copy filtered resources.
2019-05-12 23:08:41,168 [Worker-266: Building workspace] INFO  o.e.m.c.i.embedder.EclipseLogger - skip non existing resourceDirectory D:\eclipse\Java-brains\ORG-Structure\src\test\resources
2019-05-12 23:09:08,807 [Worker-272: Building workspace] INFO  o.e.m.c.i.embedder.EclipseLogger - Using 'UTF-8' encoding to copy filtered resources.
2019-05-12 23:09:08,807 [Worker-272: Building workspace] INFO  o.e.m.c.i.embedder.EclipseLogger - Copying 0 resource
2019-05-12 23:09:08,822 [Worker-272: Building workspace] INFO  o.e.m.c.i.embedder.EclipseLogger - Using 'UTF-8' encoding to copy filtered resources.
2019-05-12 23:09:08,822 [Worker-272: Building workspace] INFO  o.e.m.c.i.embedder.EclipseLogger - skip non existing resourceDirectory D:\eclipse\Java-brains\ORG-Structure\src\test\resources
2019-05-12 23:10:12,312 [Worker-269: Building workspace] INFO  o.e.m.c.i.embedder.EclipseLogger - Using 'UTF-8' encoding to copy filtered resources.
2019-05-12 23:10:12,312 [Worker-269: Building workspace] INFO  o.e.m.c.i.embedder.EclipseLogger - Copying 0 resource
2019-05-12 23:10:12,314 [Worker-269: Building workspace] INFO  o.e.m.c.i.embedder.EclipseLogger - Using 'UTF-8' encoding to copy filtered resources.
2019-05-12 23:10:12,314 [Worker-269: Building workspace] INFO  o.e.m.c.i.embedder.EclipseLogger - skip non existing resourceDirectory D:\eclipse\Java-brains\ORG-Structure\src\test\resources
2019-05-12 23:10:16,968 [Worker-266: Building workspace] INFO  o.e.m.c.i.embedder.EclipseLogger - Using 'UTF-8' encoding to copy filtered resources.
2019-05-12 23:10:16,968 [Worker-266: Building workspace] INFO  o.e.m.c.i.embedder.EclipseLogger - Copying 0 resource
2019-05-12 23:10:16,968 [Worker-266: Building workspace] INFO  o.e.m.c.i.embedder.EclipseLogger - Using 'UTF-8' encoding to copy filtered resources.
2019-05-12 23:10:16,968 [Worker-266: Building workspace] INFO  o.e.m.c.i.embedder.EclipseLogger - skip non existing resourceDirectory D:\eclipse\Java-brains\ORG-Structure\src\test\resources
2019-05-12 23:10:44,234 [Worker-270: Building workspace] INFO  o.e.m.c.i.embedder.EclipseLogger - Using 'UTF-8' encoding to copy filtered resources.
2019-05-12 23:10:44,234 [Worker-270: Building workspace] INFO  o.e.m.c.i.embedder.EclipseLogger - Copying 0 resource
2019-05-12 23:10:44,234 [Worker-270: Building workspace] INFO  o.e.m.c.i.embedder.EclipseLogger - Using 'UTF-8' encoding to copy filtered resources.
2019-05-12 23:10:44,234 [Worker-270: Building workspace] INFO  o.e.m.c.i.embedder.EclipseLogger - skip non existing resourceDirectory D:\eclipse\Java-brains\ORG-Structure\src\test\resources
2019-05-12 23:10:55,399 [Worker-271: Building workspace] INFO  o.e.m.c.i.embedder.EclipseLogger - Using 'UTF-8' encoding to copy filtered resources.
2019-05-12 23:10:55,407 [Worker-271: Building workspace] INFO  o.e.m.c.i.embedder.EclipseLogger - Copying 0 resource
2019-05-12 23:10:55,407 [Worker-271: Building workspace] INFO  o.e.m.c.i.embedder.EclipseLogger - Using 'UTF-8' encoding to copy filtered resources.
2019-05-12 23:10:55,407 [Worker-271: Building workspace] INFO  o.e.m.c.i.embedder.EclipseLogger - skip non existing resourceDirectory D:\eclipse\Java-brains\ORG-Structure\src\test\resources
2019-05-12 23:11:36,775 [Worker-269: Building workspace] INFO  o.e.m.c.i.embedder.EclipseLogger - Using 'UTF-8' encoding to copy filtered resources.
2019-05-12 23:11:36,775 [Worker-269: Building workspace] INFO  o.e.m.c.i.embedder.EclipseLogger - Copying 0 resource
2019-05-12 23:11:36,791 [Worker-269: Building workspace] INFO  o.e.m.c.i.embedder.EclipseLogger - Using 'UTF-8' encoding to copy filtered resources.
2019-05-12 23:11:36,791 [Worker-269: Building workspace] INFO  o.e.m.c.i.embedder.EclipseLogger - skip non existing resourceDirectory D:\eclipse\Java-brains\ORG-Structure\src\test\resources
2019-05-12 23:11:52,659 [Worker-266: Building workspace] INFO  o.e.m.c.i.embedder.EclipseLogger - Using 'UTF-8' encoding to copy filtered resources.
2019-05-12 23:11:52,659 [Worker-266: Building workspace] INFO  o.e.m.c.i.embedder.EclipseLogger - Copying 0 resource
2019-05-12 23:11:52,659 [Worker-266: Building workspace] INFO  o.e.m.c.i.embedder.EclipseLogger - Using 'UTF-8' encoding to copy filtered resources.
2019-05-12 23:11:52,659 [Worker-266: Building workspace] INFO  o.e.m.c.i.embedder.EclipseLogger - skip non existing resourceDirectory D:\eclipse\Java-brains\ORG-Structure\src\test\resources
2019-05-12 23:12:10,978 [Worker-272: Building workspace] INFO  o.e.m.c.i.embedder.EclipseLogger - Using 'UTF-8' encoding to copy filtered resources.
2019-05-12 23:12:10,978 [Worker-272: Building workspace] INFO  o.e.m.c.i.embedder.EclipseLogger - Copying 0 resource
2019-05-12 23:12:10,980 [Worker-272: Building workspace] INFO  o.e.m.c.i.embedder.EclipseLogger - Using 'UTF-8' encoding to copy filtered resources.
2019-05-12 23:12:10,980 [Worker-272: Building workspace] INFO  o.e.m.c.i.embedder.EclipseLogger - skip non existing resourceDirectory D:\eclipse\Java-brains\ORG-Structure\src\test\resources
2019-05-12 23:12:42,424 [main] INFO  o.e.m2e.actions.ExecutePomAction - Creating new launch configuration
2019-05-12 23:12:50,955 [Worker-272: Launching ORG-Structure] INFO  o.e.m.i.launch.MavenLaunchDelegate - D:\eclipse\Java-brains\ORG-Structure
2019-05-12 23:12:50,971 [Worker-272: Launching ORG-Structure] INFO  o.e.m.i.launch.MavenLaunchDelegate -  mvn -B mvn clean install
2019-05-12 23:14:14,396 [Worker-269: Building workspace] INFO  o.e.m.c.i.embedder.EclipseLogger - Using 'UTF-8' encoding to copy filtered resources.
2019-05-12 23:14:14,396 [Worker-269: Building workspace] INFO  o.e.m.c.i.embedder.EclipseLogger - Copying 0 resource
2019-05-12 23:14:14,396 [Worker-269: Building workspace] INFO  o.e.m.c.i.embedder.EclipseLogger - Using 'UTF-8' encoding to copy filtered resources.
2019-05-12 23:14:14,396 [Worker-269: Building workspace] INFO  o.e.m.c.i.embedder.EclipseLogger - skip non existing resourceDirectory D:\eclipse\Java-brains\ORG-Structure\src\test\resources
2019-05-12 23:14:33,375 [Worker-266: Building Project ORG-Structure] INFO  o.e.m.c.i.embedder.EclipseLogger - Using 'UTF-8' encoding to copy filtered resources.
2019-05-12 23:14:33,375 [Worker-266: Building Project ORG-Structure] INFO  o.e.m.c.i.embedder.EclipseLogger - Copying 0 resource
2019-05-12 23:14:33,375 [Worker-266: Building Project ORG-Structure] INFO  o.e.m.c.i.embedder.EclipseLogger - Using 'UTF-8' encoding to copy filtered resources.
2019-05-12 23:14:33,375 [Worker-266: Building Project ORG-Structure] INFO  o.e.m.c.i.embedder.EclipseLogger - skip non existing resourceDirectory D:\eclipse\Java-brains\ORG-Structure\src\test\resources
2019-05-12 23:14:35,970 [Worker-266: Building workspace] INFO  o.e.m.c.i.embedder.EclipseLogger - Using 'UTF-8' encoding to copy filtered resources.
2019-05-12 23:14:35,970 [Worker-266: Building workspace] INFO  o.e.m.c.i.embedder.EclipseLogger - Copying 0 resource
2019-05-12 23:14:35,970 [Worker-266: Building workspace] INFO  o.e.m.c.i.embedder.EclipseLogger - Using 'UTF-8' encoding to copy filtered resources.
2019-05-12 23:14:35,970 [Worker-266: Building workspace] INFO  o.e.m.c.i.embedder.EclipseLogger - skip non existing resourceDirectory D:\eclipse\Java-brains\ORG-Structure\src\test\resources
2019-05-12 23:15:02,965 [main] INFO  o.e.m2e.actions.ExecutePomAction - Creating new launch configuration
2019-05-12 23:15:22,921 [Worker-272: Launching ORG-Structure] INFO  o.e.m.i.launch.MavenLaunchDelegate - D:\eclipse\Java-brains\ORG-Structure
2019-05-12 23:15:22,921 [Worker-272: Launching ORG-Structure] INFO  o.e.m.i.launch.MavenLaunchDelegate -  mvn -B mvn clean install
2019-05-12 23:16:31,046 [Worker-271: Launching ORG-Structure] INFO  o.e.m.i.launch.MavenLaunchDelegate - D:\eclipse\Java-brains\ORG-Structure
2019-05-12 23:16:31,046 [Worker-271: Launching ORG-Structure] INFO  o.e.m.i.launch.MavenLaunchDelegate -  mvn -B clean install
2019-05-12 23:17:48,048 [Worker-272: Launching ORG-Structure (1)] INFO  o.e.m.i.launch.MavenLaunchDelegate - D:\eclipse\Java-brains\ORG-Structure
2019-05-12 23:17:48,048 [Worker-272: Launching ORG-Structure (1)] INFO  o.e.m.i.launch.MavenLaunchDelegate -  mvn -B 
2019-05-12 23:18:16,460 [Worker-272: Launching ORG-Structure (1)] INFO  o.e.m.i.launch.MavenLaunchDelegate - D:\eclipse\Java-brains\ORG-Structure
2019-05-12 23:18:16,460 [Worker-272: Launching ORG-Structure (1)] INFO  o.e.m.i.launch.MavenLaunchDelegate -  mvn -B clean install
2019-05-12 23:19:10,145 [Worker-274: Building workspace] INFO  o.e.m.c.i.embedder.EclipseLogger - Using 'UTF-8' encoding to copy filtered resources.
2019-05-12 23:19:10,145 [Worker-274: Building workspace] INFO  o.e.m.c.i.embedder.EclipseLogger - Copying 0 resource
2019-05-12 23:19:10,145 [Worker-274: Building workspace] INFO  o.e.m.c.i.embedder.EclipseLogger - Using 'UTF-8' encoding to copy filtered resources.
2019-05-12 23:19:10,145 [Worker-274: Building workspace] INFO  o.e.m.c.i.embedder.EclipseLogger - skip non existing resourceDirectory D:\eclipse\Java-brains\ORG-Structure\src\test\resources
2019-05-12 23:19:15,910 [Worker-270: Building workspace] INFO  o.e.m.c.i.embedder.EclipseLogger - Using 'UTF-8' encoding to copy filtered resources.
2019-05-12 23:19:15,910 [Worker-270: Building workspace] INFO  o.e.m.c.i.embedder.EclipseLogger - Copying 0 resource
2019-05-12 23:19:15,916 [Worker-270: Building workspace] INFO  o.e.m.c.i.embedder.EclipseLogger - Using 'UTF-8' encoding to copy filtered resources.
2019-05-12 23:19:15,916 [Worker-270: Building workspace] INFO  o.e.m.c.i.embedder.EclipseLogger - skip non existing resourceDirectory D:\eclipse\Java-brains\ORG-Structure\src\test\resources
2019-05-12 23:19:20,439 [Worker-274: Building workspace] INFO  o.e.m.c.i.embedder.EclipseLogger - Using 'UTF-8' encoding to copy filtered resources.
2019-05-12 23:19:20,439 [Worker-274: Building workspace] INFO  o.e.m.c.i.embedder.EclipseLogger - Copying 0 resource
2019-05-12 23:19:20,439 [Worker-274: Building workspace] INFO  o.e.m.c.i.embedder.EclipseLogger - Using 'UTF-8' encoding to copy filtered resources.
2019-05-12 23:19:20,439 [Worker-274: Building workspace] INFO  o.e.m.c.i.embedder.EclipseLogger - skip non existing resourceDirectory D:\eclipse\Java-brains\ORG-Structure\src\test\resources
2019-05-12 23:19:25,140 [Worker-271: Building workspace] INFO  o.e.m.c.i.embedder.EclipseLogger - Using 'UTF-8' encoding to copy filtered resources.
2019-05-12 23:19:25,140 [Worker-271: Building workspace] INFO  o.e.m.c.i.embedder.EclipseLogger - Copying 0 resource
2019-05-12 23:19:25,140 [Worker-271: Building workspace] INFO  o.e.m.c.i.embedder.EclipseLogger - Using 'UTF-8' encoding to copy filtered resources.
2019-05-12 23:19:25,140 [Worker-271: Building workspace] INFO  o.e.m.c.i.embedder.EclipseLogger - skip non existing resourceDirectory D:\eclipse\Java-brains\ORG-Structure\src\test\resources
2019-05-12 23:19:30,747 [Worker-272: Building workspace] INFO  o.e.m.c.i.embedder.EclipseLogger - Using 'UTF-8' encoding to copy filtered resources.
2019-05-12 23:19:30,747 [Worker-272: Building workspace] INFO  o.e.m.c.i.embedder.EclipseLogger - Copying 0 resource
2019-05-12 23:19:30,747 [Worker-272: Building workspace] INFO  o.e.m.c.i.embedder.EclipseLogger - Using 'UTF-8' encoding to copy filtered resources.
2019-05-12 23:19:30,747 [Worker-272: Building workspace] INFO  o.e.m.c.i.embedder.EclipseLogger - skip non existing resourceDirectory D:\eclipse\Java-brains\ORG-Structure\src\test\resources
2019-05-12 23:19:43,994 [Worker-271: Launching ORG-Structure (1)] INFO  o.e.m.i.launch.MavenLaunchDelegate - D:\eclipse\Java-brains\ORG-Structure
2019-05-12 23:19:43,994 [Worker-271: Launching ORG-Structure (1)] INFO  o.e.m.i.launch.MavenLaunchDelegate -  mvn -B clean install
2019-05-12 23:20:34,354 [Worker-274: Building workspace] INFO  o.e.m.c.i.embedder.EclipseLogger - Using 'UTF-8' encoding to copy filtered resources.
2019-05-12 23:20:34,354 [Worker-274: Building workspace] INFO  o.e.m.c.i.embedder.EclipseLogger - Copying 0 resource
2019-05-12 23:20:34,354 [Worker-274: Building workspace] INFO  o.e.m.c.i.embedder.EclipseLogger - Using 'UTF-8' encoding to copy filtered resources.
2019-05-12 23:20:34,354 [Worker-274: Building workspace] INFO  o.e.m.c.i.embedder.EclipseLogger - skip non existing resourceDirectory D:\eclipse\Java-brains\ORG-Structure\src\test\resources
2019-05-12 23:21:41,704 [Worker-266: Building workspace] INFO  o.e.m.c.i.embedder.EclipseLogger - Using 'UTF-8' encoding to copy filtered resources.
2019-05-12 23:21:41,704 [Worker-266: Building workspace] INFO  o.e.m.c.i.embedder.EclipseLogger - Copying 0 resource
2019-05-12 23:21:41,704 [Worker-266: Building workspace] INFO  o.e.m.c.i.embedder.EclipseLogger - Using 'UTF-8' encoding to copy filtered resources.
2019-05-12 23:21:41,704 [Worker-266: Building workspace] INFO  o.e.m.c.i.embedder.EclipseLogger - skip non existing resourceDirectory D:\eclipse\Java-brains\ORG-Structure\src\test\resources
2019-05-12 23:27:04,655 [main] INFO  o.e.m2e.actions.ExecutePomAction - Creating new launch configuration
2019-05-12 23:27:19,535 [Worker-270: Launching messenger-c9d73a2a063ecf5bf2d59008b99c723e1dcb09c9] INFO  o.e.m.i.launch.MavenLaunchDelegate - C:\Users\Suresh Yadav\Favorites\Downloads\messenger-c9d73a2a063ecf5bf2d59008b99c723e1dcb09c9\messenger-c9d73a2a063ecf5bf2d59008b99c723e1dcb09c9
2019-05-12 23:27:19,535 [Worker-270: Launching messenger-c9d73a2a063ecf5bf2d59008b99c723e1dcb09c9] INFO  o.e.m.i.launch.MavenLaunchDelegate -  mvn -B clean install
2019-05-12 23:36:32,205 [Worker-278: Building workspace] INFO  o.e.m.c.i.embedder.EclipseLogger - Using 'UTF-8' encoding to copy filtered resources.
2019-05-12 23:36:32,205 [Worker-278: Building workspace] INFO  o.e.m.c.i.embedder.EclipseLogger - Copying 0 resource
2019-05-12 23:36:32,207 [Worker-278: Building workspace] INFO  o.e.m.c.i.embedder.EclipseLogger - Using 'UTF-8' encoding to copy filtered resources.
2019-05-12 23:36:32,207 [Worker-278: Building workspace] INFO  o.e.m.c.i.embedder.EclipseLogger - skip non existing resourceDirectory D:\eclipse\Java-brains\ORG-Structure\src\test\resources
2019-05-12 23:36:33,140 [Worker-280: Building workspace] INFO  o.e.m.c.i.embedder.EclipseLogger - Using 'UTF-8' encoding to copy filtered resources.
2019-05-12 23:36:33,140 [Worker-280: Building workspace] INFO  o.e.m.c.i.embedder.EclipseLogger - skip non existing resourceDirectory C:\Users\Suresh Yadav\Favorites\Downloads\messenger-c9d73a2a063ecf5bf2d59008b99c723e1dcb09c9\messenger-c9d73a2a063ecf5bf2d59008b99c723e1dcb09c9\src\main\resources
2019-05-12 23:36:33,140 [Worker-280: Building workspace] INFO  o.e.m.c.i.embedder.EclipseLogger - Using 'UTF-8' encoding to copy filtered resources.
2019-05-12 23:36:33,200 [Worker-280: Building workspace] INFO  o.e.m.c.i.embedder.EclipseLogger - skip non existing resourceDirectory C:\Users\Suresh Yadav\Favorites\Downloads\messenger-c9d73a2a063ecf5bf2d59008b99c723e1dcb09c9\messenger-c9d73a2a063ecf5bf2d59008b99c723e1dcb09c9\src\test\resources
2019-05-12 23:37:52,299 [Worker-276: Building workspace] INFO  o.e.m.c.i.embedder.EclipseLogger - Using 'UTF-8' encoding to copy filtered resources.
2019-05-12 23:37:52,299 [Worker-276: Building workspace] INFO  o.e.m.c.i.embedder.EclipseLogger - Copying 0 resource
2019-05-12 23:37:52,299 [Worker-276: Building workspace] INFO  o.e.m.c.i.embedder.EclipseLogger - Using 'UTF-8' encoding to copy filtered resources.
2019-05-12 23:37:52,299 [Worker-276: Building workspace] INFO  o.e.m.c.i.embedder.EclipseLogger - skip non existing resourceDirectory D:\eclipse\Java-brains\ORG-Structure\src\test\resources
2019-05-12 23:38:02,539 [main] INFO  o.e.m2e.actions.ExecutePomAction - Creating new launch configuration
2019-05-12 23:38:15,664 [Worker-284: Launching ORG-Structure (2)] INFO  o.e.m.i.launch.MavenLaunchDelegate - D:\eclipse\Java-brains\ORG-Structure
2019-05-12 23:38:15,664 [Worker-284: Launching ORG-Structure (2)] INFO  o.e.m.i.launch.MavenLaunchDelegate -  mvn -B clean install
2019-05-12 23:41:58,956 [Worker-275: Building workspace] INFO  o.e.m.c.i.embedder.EclipseLogger - Using 'UTF-8' encoding to copy filtered resources.
2019-05-12 23:41:58,956 [Worker-275: Building workspace] INFO  o.e.m.c.i.embedder.EclipseLogger - Copying 0 resource
2019-05-12 23:41:58,956 [Worker-275: Building workspace] INFO  o.e.m.c.i.embedder.EclipseLogger - Using 'UTF-8' encoding to copy filtered resources.
2019-05-12 23:41:58,956 [Worker-275: Building workspace] INFO  o.e.m.c.i.embedder.EclipseLogger - skip non existing resourceDirectory D:\eclipse\Java-brains\ORG-Structure\src\test\resources
2019-05-12 23:42:20,006 [Worker-275: Building workspace] INFO  o.e.m.c.i.embedder.EclipseLogger - Using 'UTF-8' encoding to copy filtered resources.
2019-05-12 23:42:20,006 [Worker-275: Building workspace] INFO  o.e.m.c.i.embedder.EclipseLogger - Copying 0 resource
2019-05-12 23:42:20,006 [Worker-275: Building workspace] INFO  o.e.m.c.i.embedder.EclipseLogger - Using 'UTF-8' encoding to copy filtered resources.
2019-05-12 23:42:20,006 [Worker-275: Building workspace] INFO  o.e.m.c.i.embedder.EclipseLogger - skip non existing resourceDirectory D:\eclipse\Java-brains\ORG-Structure\src\test\resources
2019-05-12 23:42:38,102 [Worker-288: Building workspace] INFO  o.e.m.c.i.embedder.EclipseLogger - Using 'UTF-8' encoding to copy filtered resources.
2019-05-12 23:42:38,102 [Worker-288: Building workspace] INFO  o.e.m.c.i.embedder.EclipseLogger - Copying 0 resource
2019-05-12 23:42:38,108 [Worker-288: Building workspace] INFO  o.e.m.c.i.embedder.EclipseLogger - Using 'UTF-8' encoding to copy filtered resources.
2019-05-12 23:42:38,108 [Worker-288: Building workspace] INFO  o.e.m.c.i.embedder.EclipseLogger - skip non existing resourceDirectory D:\eclipse\Java-brains\ORG-Structure\src\test\resources
2019-05-12 23:44:26,851 [Worker-288: Building workspace] INFO  o.e.m.c.i.embedder.EclipseLogger - Using 'UTF-8' encoding to copy filtered resources.
2019-05-12 23:44:26,851 [Worker-288: Building workspace] INFO  o.e.m.c.i.embedder.EclipseLogger - Copying 0 resource
2019-05-12 23:44:26,851 [Worker-288: Building workspace] INFO  o.e.m.c.i.embedder.EclipseLogger - Using 'UTF-8' encoding to copy filtered resources.
2019-05-12 23:44:26,851 [Worker-288: Building workspace] INFO  o.e.m.c.i.embedder.EclipseLogger - skip non existing resourceDirectory D:\eclipse\Java-brains\ORG-Structure\src\test\resources
2019-05-12 23:45:11,074 [Worker-275: Building workspace] INFO  o.e.m.c.i.embedder.EclipseLogger - Using 'UTF-8' encoding to copy filtered resources.
2019-05-12 23:45:11,074 [Worker-275: Building workspace] INFO  o.e.m.c.i.embedder.EclipseLogger - Copying 0 resource
2019-05-12 23:45:11,089 [Worker-275: Building workspace] INFO  o.e.m.c.i.embedder.EclipseLogger - Using 'UTF-8' encoding to copy filtered resources.
2019-05-12 23:45:11,089 [Worker-275: Building workspace] INFO  o.e.m.c.i.embedder.EclipseLogger - skip non existing resourceDirectory D:\eclipse\Java-brains\ORG-Structure\src\test\resources
2019-05-12 23:45:17,878 [Worker-280: Building workspace] INFO  o.e.m.c.i.embedder.EclipseLogger - Using 'UTF-8' encoding to copy filtered resources.
2019-05-12 23:45:17,878 [Worker-280: Building workspace] INFO  o.e.m.c.i.embedder.EclipseLogger - Copying 0 resource
2019-05-12 23:45:17,878 [Worker-280: Building workspace] INFO  o.e.m.c.i.embedder.EclipseLogger - Using 'UTF-8' encoding to copy filtered resources.
2019-05-12 23:45:17,878 [Worker-280: Building workspace] INFO  o.e.m.c.i.embedder.EclipseLogger - skip non existing resourceDirectory D:\eclipse\Java-brains\ORG-Structure\src\test\resources
2019-05-12 23:45:33,387 [Worker-286: Building workspace] INFO  o.e.m.c.i.embedder.EclipseLogger - Using 'UTF-8' encoding to copy filtered resources.
2019-05-12 23:45:33,387 [Worker-286: Building workspace] INFO  o.e.m.c.i.embedder.EclipseLogger - Copying 0 resource
2019-05-12 23:45:33,387 [Worker-286: Building workspace] INFO  o.e.m.c.i.embedder.EclipseLogger - Using 'UTF-8' encoding to copy filtered resources.
2019-05-12 23:45:33,387 [Worker-286: Building workspace] INFO  o.e.m.c.i.embedder.EclipseLogger - skip non existing resourceDirectory D:\eclipse\Java-brains\ORG-Structure\src\test\resources
2019-05-12 23:45:53,951 [Worker-275: Building workspace] INFO  o.e.m.c.i.embedder.EclipseLogger - Using 'UTF-8' encoding to copy filtered resources.
2019-05-12 23:45:53,951 [Worker-275: Building workspace] INFO  o.e.m.c.i.embedder.EclipseLogger - Copying 0 resource
2019-05-12 23:45:53,951 [Worker-275: Building workspace] INFO  o.e.m.c.i.embedder.EclipseLogger - Using 'UTF-8' encoding to copy filtered resources.
2019-05-12 23:45:53,951 [Worker-275: Building workspace] INFO  o.e.m.c.i.embedder.EclipseLogger - skip non existing resourceDirectory D:\eclipse\Java-brains\ORG-Structure\src\test\resources
2019-05-12 23:46:29,716 [Worker-285: Building workspace] INFO  o.e.m.c.i.embedder.EclipseLogger - Using 'UTF-8' encoding to copy filtered resources.
2019-05-12 23:46:29,716 [Worker-285: Building workspace] INFO  o.e.m.c.i.embedder.EclipseLogger - Copying 0 resource
2019-05-12 23:46:29,716 [Worker-285: Building workspace] INFO  o.e.m.c.i.embedder.EclipseLogger - Using 'UTF-8' encoding to copy filtered resources.
2019-05-12 23:46:29,716 [Worker-285: Building workspace] INFO  o.e.m.c.i.embedder.EclipseLogger - skip non existing resourceDirectory D:\eclipse\Java-brains\ORG-Structure\src\test\resources
2019-05-12 23:46:36,661 [Worker-275: Building workspace] INFO  o.e.m.c.i.embedder.EclipseLogger - Using 'UTF-8' encoding to copy filtered resources.
2019-05-12 23:46:36,661 [Worker-275: Building workspace] INFO  o.e.m.c.i.embedder.EclipseLogger - Copying 0 resource
2019-05-12 23:46:36,661 [Worker-275: Building workspace] INFO  o.e.m.c.i.embedder.EclipseLogger - Using 'UTF-8' encoding to copy filtered resources.
2019-05-12 23:46:36,661 [Worker-275: Building workspace] INFO  o.e.m.c.i.embedder.EclipseLogger - skip non existing resourceDirectory D:\eclipse\Java-brains\ORG-Structure\src\test\resources
2019-05-12 23:47:18,169 [Worker-285: Building workspace] INFO  o.e.m.c.i.embedder.EclipseLogger - Using 'UTF-8' encoding to copy filtered resources.
2019-05-12 23:47:18,169 [Worker-285: Building workspace] INFO  o.e.m.c.i.embedder.EclipseLogger - Copying 0 resource
2019-05-12 23:47:18,169 [Worker-285: Building workspace] INFO  o.e.m.c.i.embedder.EclipseLogger - Using 'UTF-8' encoding to copy filtered resources.
2019-05-12 23:47:18,169 [Worker-285: Building workspace] INFO  o.e.m.c.i.embedder.EclipseLogger - skip non existing resourceDirectory D:\eclipse\Java-brains\ORG-Structure\src\test\resources
2019-05-12 23:47:23,575 [Worker-280: Building workspace] INFO  o.e.m.c.i.embedder.EclipseLogger - Using 'UTF-8' encoding to copy filtered resources.
2019-05-12 23:47:23,575 [Worker-280: Building workspace] INFO  o.e.m.c.i.embedder.EclipseLogger - Copying 0 resource
2019-05-12 23:47:23,575 [Worker-280: Building workspace] INFO  o.e.m.c.i.embedder.EclipseLogger - Using 'UTF-8' encoding to copy filtered resources.
2019-05-12 23:47:23,575 [Worker-280: Building workspace] INFO  o.e.m.c.i.embedder.EclipseLogger - skip non existing resourceDirectory D:\eclipse\Java-brains\ORG-Structure\src\test\resources
2019-05-12 23:47:38,702 [Worker-285: Building workspace] INFO  o.e.m.c.i.embedder.EclipseLogger - Using 'UTF-8' encoding to copy filtered resources.
2019-05-12 23:47:38,702 [Worker-285: Building workspace] INFO  o.e.m.c.i.embedder.EclipseLogger - Copying 0 resource
2019-05-12 23:47:38,702 [Worker-285: Building workspace] INFO  o.e.m.c.i.embedder.EclipseLogger - Using 'UTF-8' encoding to copy filtered resources.
2019-05-12 23:47:38,702 [Worker-285: Building workspace] INFO  o.e.m.c.i.embedder.EclipseLogger - skip non existing resourceDirectory D:\eclipse\Java-brains\ORG-Structure\src\test\resources
2019-05-12 23:47:49,419 [Worker-275: Building workspace] INFO  o.e.m.c.i.embedder.EclipseLogger - Using 'UTF-8' encoding to copy filtered resources.
2019-05-12 23:47:49,419 [Worker-275: Building workspace] INFO  o.e.m.c.i.embedder.EclipseLogger - Copying 0 resource
2019-05-12 23:47:49,419 [Worker-275: Building workspace] INFO  o.e.m.c.i.embedder.EclipseLogger - Using 'UTF-8' encoding to copy filtered resources.
2019-05-12 23:47:49,419 [Worker-275: Building workspace] INFO  o.e.m.c.i.embedder.EclipseLogger - skip non existing resourceDirectory D:\eclipse\Java-brains\ORG-Structure\src\test\resources
2019-05-12 23:48:47,056 [Worker-276: Building workspace] INFO  o.e.m.c.i.embedder.EclipseLogger - Using 'UTF-8' encoding to copy filtered resources.
2019-05-12 23:48:47,056 [Worker-276: Building workspace] INFO  o.e.m.c.i.embedder.EclipseLogger - Copying 0 resource
2019-05-12 23:48:47,056 [Worker-276: Building workspace] INFO  o.e.m.c.i.embedder.EclipseLogger - Using 'UTF-8' encoding to copy filtered resources.
2019-05-12 23:48:47,056 [Worker-276: Building workspace] INFO  o.e.m.c.i.embedder.EclipseLogger - skip non existing resourceDirectory D:\eclipse\Java-brains\ORG-Structure\src\test\resources
2019-05-12 23:49:00,093 [Worker-288: Building workspace] INFO  o.e.m.c.i.embedder.EclipseLogger - Using 'UTF-8' encoding to copy filtered resources.
2019-05-12 23:49:00,093 [Worker-288: Building workspace] INFO  o.e.m.c.i.embedder.EclipseLogger - Copying 0 resource
2019-05-12 23:49:00,093 [Worker-288: Building workspace] INFO  o.e.m.c.i.embedder.EclipseLogger - Using 'UTF-8' encoding to copy filtered resources.
2019-05-12 23:49:00,093 [Worker-288: Building workspace] INFO  o.e.m.c.i.embedder.EclipseLogger - skip non existing resourceDirectory D:\eclipse\Java-brains\ORG-Structure\src\test\resources
2019-05-12 23:49:11,918 [Worker-285: Building workspace] INFO  o.e.m.c.i.embedder.EclipseLogger - Using 'UTF-8' encoding to copy filtered resources.
2019-05-12 23:49:11,918 [Worker-285: Building workspace] INFO  o.e.m.c.i.embedder.EclipseLogger - Copying 0 resource
2019-05-12 23:49:11,918 [Worker-285: Building workspace] INFO  o.e.m.c.i.embedder.EclipseLogger - Using 'UTF-8' encoding to copy filtered resources.
2019-05-12 23:49:11,918 [Worker-285: Building workspace] INFO  o.e.m.c.i.embedder.EclipseLogger - skip non existing resourceDirectory D:\eclipse\Java-brains\ORG-Structure\src\test\resources
2019-05-12 23:49:28,800 [Worker-286: Building workspace] INFO  o.e.m.c.i.embedder.EclipseLogger - Using 'UTF-8' encoding to copy filtered resources.
2019-05-12 23:49:28,800 [Worker-286: Building workspace] INFO  o.e.m.c.i.embedder.EclipseLogger - Copying 0 resource
2019-05-12 23:49:28,800 [Worker-286: Building workspace] INFO  o.e.m.c.i.embedder.EclipseLogger - Using 'UTF-8' encoding to copy filtered resources.
2019-05-12 23:49:28,800 [Worker-286: Building workspace] INFO  o.e.m.c.i.embedder.EclipseLogger - skip non existing resourceDirectory D:\eclipse\Java-brains\ORG-Structure\src\test\resources
2019-05-12 23:49:55,247 [Worker-286: Building workspace] INFO  o.e.m.c.i.embedder.EclipseLogger - Using 'UTF-8' encoding to copy filtered resources.
2019-05-12 23:49:55,247 [Worker-286: Building workspace] INFO  o.e.m.c.i.embedder.EclipseLogger - Copying 0 resource
2019-05-12 23:49:55,247 [Worker-286: Building workspace] INFO  o.e.m.c.i.embedder.EclipseLogger - Using 'UTF-8' encoding to copy filtered resources.
2019-05-12 23:49:55,247 [Worker-286: Building workspace] INFO  o.e.m.c.i.embedder.EclipseLogger - skip non existing resourceDirectory D:\eclipse\Java-brains\ORG-Structure\src\test\resources
2019-05-12 23:50:21,358 [Worker-285: Building workspace] INFO  o.e.m.c.i.embedder.EclipseLogger - Using 'UTF-8' encoding to copy filtered resources.
2019-05-12 23:50:21,358 [Worker-285: Building workspace] INFO  o.e.m.c.i.embedder.EclipseLogger - Copying 0 resource
2019-05-12 23:50:21,358 [Worker-285: Building workspace] INFO  o.e.m.c.i.embedder.EclipseLogger - Using 'UTF-8' encoding to copy filtered resources.
2019-05-12 23:50:21,358 [Worker-285: Building workspace] INFO  o.e.m.c.i.embedder.EclipseLogger - skip non existing resourceDirectory D:\eclipse\Java-brains\ORG-Structure\src\test\resources
2019-05-12 23:50:42,897 [Worker-286: Building Workspace] INFO  o.e.m.c.i.embedder.EclipseLogger - Using 'UTF-8' encoding to copy filtered resources.
2019-05-12 23:50:42,897 [Worker-286: Building Workspace] INFO  o.e.m.c.i.embedder.EclipseLogger - Copying 0 resource
2019-05-12 23:50:42,913 [Worker-286: Building Workspace] INFO  o.e.m.c.i.embedder.EclipseLogger - Using 'UTF-8' encoding to copy filtered resources.
2019-05-12 23:50:42,913 [Worker-286: Building Workspace] INFO  o.e.m.c.i.embedder.EclipseLogger - skip non existing resourceDirectory D:\eclipse\Java-brains\ORG-Structure\src\test\resources
2019-05-12 23:51:17,048 [Worker-285: Building workspace] INFO  o.e.m.c.i.embedder.EclipseLogger - Using 'UTF-8' encoding to copy filtered resources.
2019-05-12 23:51:17,048 [Worker-285: Building workspace] INFO  o.e.m.c.i.embedder.EclipseLogger - Copying 0 resource
2019-05-12 23:51:17,048 [Worker-285: Building workspace] INFO  o.e.m.c.i.embedder.EclipseLogger - Using 'UTF-8' encoding to copy filtered resources.
2019-05-12 23:51:17,048 [Worker-285: Building workspace] INFO  o.e.m.c.i.embedder.EclipseLogger - skip non existing resourceDirectory D:\eclipse\Java-brains\ORG-Structure\src\test\resources
2019-05-12 23:51:44,376 [Worker-280: Building workspace] INFO  o.e.m.c.i.embedder.EclipseLogger - Using 'UTF-8' encoding to copy filtered resources.
2019-05-12 23:51:44,376 [Worker-280: Building workspace] INFO  o.e.m.c.i.embedder.EclipseLogger - Copying 0 resource
2019-05-12 23:51:44,376 [Worker-280: Building workspace] INFO  o.e.m.c.i.embedder.EclipseLogger - Using 'UTF-8' encoding to copy filtered resources.
2019-05-12 23:51:44,376 [Worker-280: Building workspace] INFO  o.e.m.c.i.embedder.EclipseLogger - skip non existing resourceDirectory D:\eclipse\Java-brains\ORG-Structure\src\test\resources
2019-05-12 23:52:10,466 [Worker-278: Building workspace] INFO  o.e.m.c.i.embedder.EclipseLogger - Using 'UTF-8' encoding to copy filtered resources.
2019-05-12 23:52:10,466 [Worker-278: Building workspace] INFO  o.e.m.c.i.embedder.EclipseLogger - Copying 0 resource
2019-05-12 23:52:10,466 [Worker-278: Building workspace] INFO  o.e.m.c.i.embedder.EclipseLogger - Using 'UTF-8' encoding to copy filtered resources.
2019-05-12 23:52:10,466 [Worker-278: Building workspace] INFO  o.e.m.c.i.embedder.EclipseLogger - skip non existing resourceDirectory D:\eclipse\Java-brains\ORG-Structure\src\test\resources
2019-05-12 23:53:14,360 [Worker-285: Building workspace] INFO  o.e.m.c.i.l.LifecycleMappingFactory - Using org.maven.ide.eclipse.wtp.WarLifecycleMapping lifecycle mapping for MavenProject: com.emp.org.struct:ORG-Structure:0.0.1-SNAPSHOT @ D:\eclipse\Java-brains\ORG-Structure\pom.xml.
2019-05-12 23:53:14,992 [Worker-285: Building workspace] INFO  o.e.m.c.i.embedder.EclipseLogger - Using 'UTF-8' encoding to copy filtered resources.
2019-05-12 23:53:14,992 [Worker-285: Building workspace] INFO  o.e.m.c.i.embedder.EclipseLogger - Copying 0 resource
2019-05-12 23:53:14,992 [Worker-285: Building workspace] INFO  o.e.m.c.i.embedder.EclipseLogger - Using 'UTF-8' encoding to copy filtered resources.
2019-05-12 23:53:14,992 [Worker-285: Building workspace] INFO  o.e.m.c.i.embedder.EclipseLogger - skip non existing resourceDirectory D:\eclipse\Java-brains\ORG-Structure\src\test\resources
2019-05-12 23:53:14,992 [Worker-285: Building workspace] INFO  o.e.m.w.i.f.ResourceFilteringBuildParticipant - Changed resources require a complete clean of filtered resources of ORG-Structure
2019-05-12 23:53:14,992 [Worker-285: Building workspace] INFO  o.e.m.w.i.f.ResourceFilteringBuildParticipant - Executing resource filtering for ORG-Structure
2019-05-12 23:53:14,992 [Worker-285: Building workspace] INFO  o.e.m.c.i.embedder.EclipseLogger - Using 'UTF-8' encoding to copy filtered resources.
2019-05-12 23:53:16,547 [Worker-285: Building workspace] INFO  o.e.m.c.i.embedder.EclipseLogger - Using 'UTF-8' encoding to copy filtered resources.
2019-05-12 23:53:16,547 [Worker-285: Building workspace] INFO  o.e.m.c.i.embedder.EclipseLogger - Copying 0 resource
2019-05-12 23:53:16,547 [Worker-285: Building workspace] INFO  o.e.m.c.i.embedder.EclipseLogger - Using 'UTF-8' encoding to copy filtered resources.
2019-05-12 23:53:16,547 [Worker-285: Building workspace] INFO  o.e.m.c.i.embedder.EclipseLogger - skip non existing resourceDirectory D:\eclipse\Java-brains\ORG-Structure\src\test\resources
2019-05-12 23:54:07,907 [Worker-288: Building workspace] INFO  o.e.m.c.i.embedder.EclipseLogger - Using 'UTF-8' encoding to copy filtered resources.
2019-05-12 23:54:07,907 [Worker-288: Building workspace] INFO  o.e.m.c.i.embedder.EclipseLogger - Copying 0 resource
2019-05-12 23:54:07,907 [Worker-288: Building workspace] INFO  o.e.m.c.i.embedder.EclipseLogger - Using 'UTF-8' encoding to copy filtered resources.
2019-05-12 23:54:07,907 [Worker-288: Building workspace] INFO  o.e.m.c.i.embedder.EclipseLogger - skip non existing resourceDirectory D:\eclipse\Java-brains\ORG-Structure\src\test\resources
2019-05-12 23:54:16,074 [Worker-288: Building workspace] INFO  o.e.m.c.i.embedder.EclipseLogger - Using 'UTF-8' encoding to copy filtered resources.
2019-05-12 23:54:16,074 [Worker-288: Building workspace] INFO  o.e.m.c.i.embedder.EclipseLogger - Copying 0 resource
2019-05-12 23:54:16,074 [Worker-288: Building workspace] INFO  o.e.m.c.i.embedder.EclipseLogger - Using 'UTF-8' encoding to copy filtered resources.
2019-05-12 23:54:16,074 [Worker-288: Building workspace] INFO  o.e.m.c.i.embedder.EclipseLogger - skip non existing resourceDirectory D:\eclipse\Java-brains\ORG-Structure\src\test\resources
2019-05-12 23:54:24,406 [Worker-275: Building workspace] INFO  o.e.m.c.i.embedder.EclipseLogger - Using 'UTF-8' encoding to copy filtered resources.
2019-05-12 23:54:24,406 [Worker-275: Building workspace] INFO  o.e.m.c.i.embedder.EclipseLogger - Copying 0 resource
2019-05-12 23:54:24,406 [Worker-275: Building workspace] INFO  o.e.m.c.i.embedder.EclipseLogger - Using 'UTF-8' encoding to copy filtered resources.
2019-05-12 23:54:24,406 [Worker-275: Building workspace] INFO  o.e.m.c.i.embedder.EclipseLogger - skip non existing resourceDirectory D:\eclipse\Java-brains\ORG-Structure\src\test\resources
2019-05-12 23:55:19,845 [Worker-285: Building workspace] INFO  o.e.m.c.i.embedder.EclipseLogger - Using 'UTF-8' encoding to copy filtered resources.
2019-05-12 23:55:19,845 [Worker-285: Building workspace] INFO  o.e.m.c.i.embedder.EclipseLogger - Copying 0 resource
2019-05-12 23:55:19,845 [Worker-285: Building workspace] INFO  o.e.m.c.i.embedder.EclipseLogger - Using 'UTF-8' encoding to copy filtered resources.
2019-05-12 23:55:19,845 [Worker-285: Building workspace] INFO  o.e.m.c.i.embedder.EclipseLogger - skip non existing resourceDirectory D:\eclipse\Java-brains\ORG-Structure\src\test\resources
2019-05-12 23:55:36,546 [Worker-278: Building workspace] INFO  o.e.m.c.i.embedder.EclipseLogger - Using 'UTF-8' encoding to copy filtered resources.
2019-05-12 23:55:36,546 [Worker-278: Building workspace] INFO  o.e.m.c.i.embedder.EclipseLogger - Copying 0 resource
2019-05-12 23:55:36,546 [Worker-278: Building workspace] INFO  o.e.m.c.i.embedder.EclipseLogger - Using 'UTF-8' encoding to copy filtered resources.
2019-05-12 23:55:36,546 [Worker-278: Building workspace] INFO  o.e.m.c.i.embedder.EclipseLogger - skip non existing resourceDirectory D:\eclipse\Java-brains\ORG-Structure\src\test\resources
2019-05-12 23:56:23,920 [Worker-275: Building workspace] INFO  o.e.m.c.i.embedder.EclipseLogger - Using 'UTF-8' encoding to copy filtered resources.
2019-05-12 23:56:23,920 [Worker-275: Building workspace] INFO  o.e.m.c.i.embedder.EclipseLogger - Copying 0 resource
2019-05-12 23:56:23,920 [Worker-275: Building workspace] INFO  o.e.m.c.i.embedder.EclipseLogger - Using 'UTF-8' encoding to copy filtered resources.
2019-05-12 23:56:23,920 [Worker-275: Building workspace] INFO  o.e.m.c.i.embedder.EclipseLogger - skip non existing resourceDirectory D:\eclipse\Java-brains\ORG-Structure\src\test\resources
2019-05-12 23:59:11,229 [Worker-286: Launching ORG-Structure (1)] INFO  o.e.m.i.launch.MavenLaunchDelegate - D:\eclipse\Java-brains\ORG-Structure
2019-05-12 23:59:11,229 [Worker-286: Launching ORG-Structure (1)] INFO  o.e.m.i.launch.MavenLaunchDelegate -  mvn -B clean install
2019-05-13 00:00:09,824 [Worker-288: Building workspace] INFO  o.e.m.c.i.embedder.EclipseLogger - Using 'UTF-8' encoding to copy filtered resources.
2019-05-13 00:00:09,840 [Worker-288: Building workspace] INFO  o.e.m.c.i.embedder.EclipseLogger - Copying 1 resource
2019-05-13 00:00:09,856 [Worker-288: Building workspace] INFO  o.e.m.c.i.embedder.EclipseLogger - Using 'UTF-8' encoding to copy filtered resources.
2019-05-13 00:00:09,856 [Worker-288: Building workspace] INFO  o.e.m.c.i.embedder.EclipseLogger - skip non existing resourceDirectory D:\eclipse\Java-brains\ORG-Structure\src\test\resources
2019-05-13 00:00:26,632 [Worker-280: Launching ORG-Structure (1)] INFO  o.e.m.i.launch.MavenLaunchDelegate - D:\eclipse\Java-brains\ORG-Structure
2019-05-13 00:00:26,632 [Worker-280: Launching ORG-Structure (1)] INFO  o.e.m.i.launch.MavenLaunchDelegate -  mvn -B clean install
2019-05-13 00:01:03,732 [Worker-275: Building workspace] INFO  o.e.m.c.i.embedder.EclipseLogger - Using 'UTF-8' encoding to copy filtered resources.
2019-05-13 00:01:03,732 [Worker-275: Building workspace] INFO  o.e.m.c.i.embedder.EclipseLogger - skip non existing resourceDirectory C:\Users\Suresh Yadav\Favorites\Downloads\messenger-c9d73a2a063ecf5bf2d59008b99c723e1dcb09c9\messenger-c9d73a2a063ecf5bf2d59008b99c723e1dcb09c9\src\main\resources
2019-05-13 00:01:03,732 [Worker-275: Building workspace] INFO  o.e.m.c.i.embedder.EclipseLogger - Using 'UTF-8' encoding to copy filtered resources.
2019-05-13 00:01:03,732 [Worker-275: Building workspace] INFO  o.e.m.c.i.embedder.EclipseLogger - skip non existing resourceDirectory C:\Users\Suresh Yadav\Favorites\Downloads\messenger-c9d73a2a063ecf5bf2d59008b99c723e1dcb09c9\messenger-c9d73a2a063ecf5bf2d59008b99c723e1dcb09c9\src\test\resources
2019-05-13 00:01:09,417 [Worker-288: Building workspace] INFO  o.e.m.c.i.embedder.EclipseLogger - Using 'UTF-8' encoding to copy filtered resources.
2019-05-13 00:01:09,433 [Worker-288: Building workspace] INFO  o.e.m.c.i.embedder.EclipseLogger - Copying 0 resource
2019-05-13 00:01:09,433 [Worker-288: Building workspace] INFO  o.e.m.c.i.embedder.EclipseLogger - Using 'UTF-8' encoding to copy filtered resources.
2019-05-13 00:01:09,433 [Worker-288: Building workspace] INFO  o.e.m.c.i.embedder.EclipseLogger - skip non existing resourceDirectory D:\eclipse\Java-brains\ORG-Structure\src\test\resources
2019-05-13 00:01:13,375 [Worker-289: Building workspace] INFO  o.e.m.c.i.embedder.EclipseLogger - Using 'UTF-8' encoding to copy filtered resources.
2019-05-13 00:01:13,391 [Worker-289: Building workspace] INFO  o.e.m.c.i.embedder.EclipseLogger - Copying 1 resource
2019-05-13 00:01:13,391 [Worker-289: Building workspace] INFO  o.e.m.c.i.embedder.EclipseLogger - Using 'UTF-8' encoding to copy filtered resources.
2019-05-13 00:01:13,391 [Worker-289: Building workspace] INFO  o.e.m.c.i.embedder.EclipseLogger - skip non existing resourceDirectory D:\eclipse\Java-brains\ORG-Structure\src\test\resources
2019-05-13 00:02:06,085 [Worker-275: Building workspace] INFO  o.e.m.c.i.embedder.EclipseLogger - Using 'UTF-8' encoding to copy filtered resources.
2019-05-13 00:02:06,085 [Worker-275: Building workspace] INFO  o.e.m.c.i.embedder.EclipseLogger - Copying 0 resource
2019-05-13 00:02:06,085 [Worker-275: Building workspace] INFO  o.e.m.c.i.embedder.EclipseLogger - Using 'UTF-8' encoding to copy filtered resources.
2019-05-13 00:02:06,085 [Worker-275: Building workspace] INFO  o.e.m.c.i.embedder.EclipseLogger - skip non existing resourceDirectory D:\eclipse\Java-brains\ORG-Structure\src\test\resources
2019-05-22 08:58:04,404 [Worker-311: Building workspace] INFO  o.e.m.c.i.embedder.EclipseLogger - Using 'UTF-8' encoding to copy filtered resources.
2019-05-22 08:58:04,505 [Worker-311: Building workspace] INFO  o.e.m.c.i.embedder.EclipseLogger - Copying 1 resource
2019-05-22 08:58:04,505 [Worker-311: Building workspace] INFO  o.e.m.c.i.embedder.EclipseLogger - Using 'UTF-8' encoding to copy filtered resources.
2019-05-22 08:58:04,505 [Worker-311: Building workspace] INFO  o.e.m.c.i.embedder.EclipseLogger - skip non existing resourceDirectory D:\eclipse\Java-brains\ORG-Structure\src\test\resources
2019-05-22 08:58:34,452 [Worker-312: Building workspace] INFO  o.e.m.c.i.embedder.EclipseLogger - Using 'UTF-8' encoding to copy filtered resources.
2019-05-22 08:58:34,452 [Worker-312: Building workspace] INFO  o.e.m.c.i.embedder.EclipseLogger - Copying 1 resource
2019-05-22 08:58:34,472 [Worker-312: Building workspace] INFO  o.e.m.c.i.embedder.EclipseLogger - Using 'UTF-8' encoding to copy filtered resources.
2019-05-22 08:58:34,472 [Worker-312: Building workspace] INFO  o.e.m.c.i.embedder.EclipseLogger - skip non existing resourceDirectory D:\eclipse\Java-brains\ORG-Structure\src\test\resources
